<?xml version="1.0" encoding="UTF-8"?>
<!-- Generated by org.testng.reporters.JUnitXMLReporter -->
<testsuite hostname="NIPUNVA01" ignored="0" name="Practice Grouping" tests="5" failures="0" timestamp="21 Mar 2018 08:47:58 GMT" time="0.062" errors="0">
  <testcase name="Scooter1" time="0.013" classname="amdocs.testing.automation.Level9TestNG.Grouping"/>
  <testcase name="Scooter2" time="0.0" classname="amdocs.testing.automation.Level9TestNG.Grouping"/>
  <testcase name="Sedan1" time="0.002" classname="amdocs.testing.automation.Level9TestNG.Grouping"/>
  <testcase name="car1" time="0.002" classname="amdocs.testing.automation.Level9TestNG.Grouping"/>
  <testcase name="car2" time="0.002" classname="amdocs.testing.automation.Level9TestNG.Grouping"/>
</testsuite> <!-- Practice Grouping -->
